
CPPTRAJ: Trajectory Analysis. V5.1.0
    ___  ___  ___  ___
     | \/ | \/ | \/ | 
    _|_/\_|_/\_|_/\_|_

| Date/time: 09/05/24 10:22:56
| Available memory: 1.799 GB

	Reading 'COM.prmtop' as Amber Topology
	CHAMBER topology:
                                 CHARMM force field: No FF information parsed...
	Radius Set: H(N)-modified Bondi radii (mbondi2)
INPUT: Reading input from 'STDIN'
  [trajin COM_traj_0.xtc 1 121 1]
	Reading 'COM_traj_0.xtc' as Gromacs XTC
Warning: Trajectory box type is 'Cubic' but topology box type is 'None'.
Warning: Setting topology box information from trajectory.
  [noprogress]
	Progress bar will not be used during Run.
  [rmsd !(:WAT,Cl*,CIO,Cs+,IB,K*,Li+,MG*,Na+,Rb+,CS,RB,NA,F,CL) mass first]
    RMSD: (!(:WAT,Cl*,CIO,Cs+,IB,K*,Li+,MG*,Na+,Rb+,CS,RB,NA,F,CL)), reference is first frame (!(:WAT,Cl*,CIO,Cs+,IB,K*,Li+,MG*,Na+,Rb+,CS,RB,NA,F,CL)), mass-weighted.
	Best-fit RMSD will be calculated, coords will be rotated and translated.
  [outtraj _GMXMMPBSA_complex.pdb pdb onlyframes 1 nobox]
	Saving frames 1
	Writing '_GMXMMPBSA_complex.pdb' as PDB
    OUTTRAJ: Writing frames associated with topology 'COM.prmtop'
  [outtraj _GMXMMPBSA_dummycomplex.inpcrd restart onlyframes 1 nobox]
	Saving frames 1
	Writing '_GMXMMPBSA_dummycomplex.inpcrd' as Amber Restart
    OUTTRAJ: Writing frames associated with topology 'COM.prmtop'
  [outtraj _GMXMMPBSA_complex.mdcrd.0 onlyframes 1-121 nobox]
Warning: Format not specified and extension '.0' not recognized. Defaulting to Amber Trajectory.
	Saving frames 1 2 3 4 5 6 7 8 9 10 11 12 13 14 15 16 17 18 19 20 21 22 23 24 25 26 27 28 29 30 31 32 33 34 35 36 37 38 39 40 41 42 43 44 45 46 47 48 49 50 51 52 53 54 55 56 57 58 59 60 61 62 63 64 65 66 67 68 69 70 71 72 73 74 75 76 77 78 79 80 81 82 83 84 85 86 87 88 89 90 91 92 93 94 95 96 97 98 99 100 101 102 103 104 105 106 107 108 109 110 111 112 113 114 115 116 117 118 119 120 121
	Writing '_GMXMMPBSA_complex.mdcrd.0' as Amber Trajectory
    OUTTRAJ: Writing frames associated with topology 'COM.prmtop'
  [strip :347-356]
    STRIP: Stripping atoms in mask [:347-356]
  [outtraj _GMXMMPBSA_receptor.pdb pdb onlyframes 1 nobox]
	Saving frames 1
	Writing '_GMXMMPBSA_receptor.pdb' as PDB
    OUTTRAJ: Writing frames associated with topology 'COM.prmtop'
  [outtraj _GMXMMPBSA_dummyreceptor.inpcrd restart onlyframes 1 nobox]
	Saving frames 1
	Writing '_GMXMMPBSA_dummyreceptor.inpcrd' as Amber Restart
    OUTTRAJ: Writing frames associated with topology 'COM.prmtop'
  [outtraj _GMXMMPBSA_receptor.mdcrd.0 onlyframes 1-121 nobox]
Warning: Format not specified and extension '.0' not recognized. Defaulting to Amber Trajectory.
	Saving frames 1 2 3 4 5 6 7 8 9 10 11 12 13 14 15 16 17 18 19 20 21 22 23 24 25 26 27 28 29 30 31 32 33 34 35 36 37 38 39 40 41 42 43 44 45 46 47 48 49 50 51 52 53 54 55 56 57 58 59 60 61 62 63 64 65 66 67 68 69 70 71 72 73 74 75 76 77 78 79 80 81 82 83 84 85 86 87 88 89 90 91 92 93 94 95 96 97 98 99 100 101 102 103 104 105 106 107 108 109 110 111 112 113 114 115 116 117 118 119 120 121
	Writing '_GMXMMPBSA_receptor.mdcrd.0' as Amber Trajectory
    OUTTRAJ: Writing frames associated with topology 'COM.prmtop'
  [unstrip]
  [rmsd !(:WAT,Cl*,CIO,Cs+,IB,K*,Li+,MG*,Na+,Rb+,CS,RB,NA,F,CL) mass first]
    RMSD: (!(:WAT,Cl*,CIO,Cs+,IB,K*,Li+,MG*,Na+,Rb+,CS,RB,NA,F,CL)), reference is first frame (!(:WAT,Cl*,CIO,Cs+,IB,K*,Li+,MG*,Na+,Rb+,CS,RB,NA,F,CL)), mass-weighted.
	Best-fit RMSD will be calculated, coords will be rotated and translated.
  [strip :1-346]
    STRIP: Stripping atoms in mask [:1-346]
  [outtraj _GMXMMPBSA_ligand.pdb pdb onlyframes 1 nobox]
	Saving frames 1
	Writing '_GMXMMPBSA_ligand.pdb' as PDB
    OUTTRAJ: Writing frames associated with topology 'COM.prmtop'
  [outtraj _GMXMMPBSA_dummyligand.inpcrd restart onlyframes 1 nobox]
	Saving frames 1
	Writing '_GMXMMPBSA_dummyligand.inpcrd' as Amber Restart
    OUTTRAJ: Writing frames associated with topology 'COM.prmtop'
  [outtraj _GMXMMPBSA_ligand.mdcrd.0 onlyframes 1-121 nobox]
Warning: Format not specified and extension '.0' not recognized. Defaulting to Amber Trajectory.
	Saving frames 1 2 3 4 5 6 7 8 9 10 11 12 13 14 15 16 17 18 19 20 21 22 23 24 25 26 27 28 29 30 31 32 33 34 35 36 37 38 39 40 41 42 43 44 45 46 47 48 49 50 51 52 53 54 55 56 57 58 59 60 61 62 63 64 65 66 67 68 69 70 71 72 73 74 75 76 77 78 79 80 81 82 83 84 85 86 87 88 89 90 91 92 93 94 95 96 97 98 99 100 101 102 103 104 105 106 107 108 109 110 111 112 113 114 115 116 117 118 119 120 121
	Writing '_GMXMMPBSA_ligand.mdcrd.0' as Amber Trajectory
    OUTTRAJ: Writing frames associated with topology 'COM.prmtop'
  [unstrip]
  [rmsd !(:WAT,Cl*,CIO,Cs+,IB,K*,Li+,MG*,Na+,Rb+,CS,RB,NA,F,CL) mass first]
    RMSD: (!(:WAT,Cl*,CIO,Cs+,IB,K*,Li+,MG*,Na+,Rb+,CS,RB,NA,F,CL)), reference is first frame (!(:WAT,Cl*,CIO,Cs+,IB,K*,Li+,MG*,Na+,Rb+,CS,RB,NA,F,CL)), mass-weighted.
	Best-fit RMSD will be calculated, coords will be rotated and translated.
---------- RUN BEGIN -------------------------------------------------

PARAMETER FILES (1 total):
 0: COM.prmtop, 4713 atoms, 356 res, box: Cubic, 2 mol

INPUT TRAJECTORIES (1 total):
 0: 'COM_traj_0.xtc' is a GROMACS XTC file, Parm COM.prmtop (Cubic box) (reading 121 of 121)
  Coordinate processing will occur on 121 frames.

BEGIN TRAJECTORY PROCESSING:
.....................................................
ACTION SETUP FOR PARM 'COM.prmtop' (16 actions):
  0: [rmsd !(:WAT,Cl*,CIO,Cs+,IB,K*,Li+,MG*,Na+,Rb+,CS,RB,NA,F,CL) mass first]
	Target mask: [!(:WAT,Cl*,CIO,Cs+,IB,K*,Li+,MG*,Na+,Rb+,CS,RB,NA,F,CL)](4713)
	Reference topology: COM.prmtop
	Reference mask: [!(:WAT,Cl*,CIO,Cs+,IB,K*,Li+,MG*,Na+,Rb+,CS,RB,NA,F,CL)](4713)
  1: [outtraj _GMXMMPBSA_complex.pdb pdb onlyframes 1 nobox]
        '_GMXMMPBSA_complex.pdb' is a PDB file, Parm COM.prmtop no box info,: Writing frames 1
	Has coordinates, time
  2: [outtraj _GMXMMPBSA_dummycomplex.inpcrd restart onlyframes 1 nobox]
        '_GMXMMPBSA_dummycomplex.inpcrd' is an AMBER restart file, Parm COM.prmtop no box info,: Writing frames 1
	Has coordinates, time
  3: [outtraj _GMXMMPBSA_complex.mdcrd.0 onlyframes 1-121 nobox]
        '_GMXMMPBSA_complex.mdcrd.0' is an AMBER trajectory, Parm COM.prmtop no box info,: Writing frames 1 2 3 4 5 6 7 8 9 10 11 12 13 14 15 16 17 18 19 20 21 22 23 24 25 26 27 28 29 30 31 32 33 34 35 36 37 38 39 40 41 42 43 44 45 46 47 48 49 50 51 52 53 54 55 56 57 58 59 60 61 62 63 64 65 66 67 68 69 70 71 72 73 74 75 76 77 78 79 80 81 82 83 84 85 86 87 88 89 90 91 92 93 94 95 96 97 98 99 100 101 102 103 104 105 106 107 108 109 110 111 112 113 114 115 116 117 118 119 120 121
	Has coordinates, time
  4: [strip :347-356]
	Stripping 162 atoms.
	Stripped topology: 4551 atoms, 346 res, box: Cubic, 1 mol
  5: [outtraj _GMXMMPBSA_receptor.pdb pdb onlyframes 1 nobox]
        '_GMXMMPBSA_receptor.pdb' is a PDB file, Parm COM.prmtop no box info,: Writing frames 1
	Has coordinates, time
  6: [outtraj _GMXMMPBSA_dummyreceptor.inpcrd restart onlyframes 1 nobox]
        '_GMXMMPBSA_dummyreceptor.inpcrd' is an AMBER restart file, Parm COM.prmtop no box info,: Writing frames 1
	Has coordinates, time
  7: [outtraj _GMXMMPBSA_receptor.mdcrd.0 onlyframes 1-121 nobox]
        '_GMXMMPBSA_receptor.mdcrd.0' is an AMBER trajectory, Parm COM.prmtop no box info,: Writing frames 1 2 3 4 5 6 7 8 9 10 11 12 13 14 15 16 17 18 19 20 21 22 23 24 25 26 27 28 29 30 31 32 33 34 35 36 37 38 39 40 41 42 43 44 45 46 47 48 49 50 51 52 53 54 55 56 57 58 59 60 61 62 63 64 65 66 67 68 69 70 71 72 73 74 75 76 77 78 79 80 81 82 83 84 85 86 87 88 89 90 91 92 93 94 95 96 97 98 99 100 101 102 103 104 105 106 107 108 109 110 111 112 113 114 115 116 117 118 119 120 121
	Has coordinates, time
  8: [unstrip]
  9: [rmsd !(:WAT,Cl*,CIO,Cs+,IB,K*,Li+,MG*,Na+,Rb+,CS,RB,NA,F,CL) mass first]
	Target mask: [!(:WAT,Cl*,CIO,Cs+,IB,K*,Li+,MG*,Na+,Rb+,CS,RB,NA,F,CL)](4713)
	Reference topology: COM.prmtop
	Reference mask: [!(:WAT,Cl*,CIO,Cs+,IB,K*,Li+,MG*,Na+,Rb+,CS,RB,NA,F,CL)](4713)
  10: [strip :1-346]
	Stripping 4551 atoms.
	Stripped topology: 162 atoms, 10 res, box: Cubic, 1 mol
  11: [outtraj _GMXMMPBSA_ligand.pdb pdb onlyframes 1 nobox]
        '_GMXMMPBSA_ligand.pdb' is a PDB file, Parm COM.prmtop no box info,: Writing frames 1
	Has coordinates, time
  12: [outtraj _GMXMMPBSA_dummyligand.inpcrd restart onlyframes 1 nobox]
        '_GMXMMPBSA_dummyligand.inpcrd' is an AMBER restart file, Parm COM.prmtop no box info,: Writing frames 1
	Has coordinates, time
  13: [outtraj _GMXMMPBSA_ligand.mdcrd.0 onlyframes 1-121 nobox]
        '_GMXMMPBSA_ligand.mdcrd.0' is an AMBER trajectory, Parm COM.prmtop no box info,: Writing frames 1 2 3 4 5 6 7 8 9 10 11 12 13 14 15 16 17 18 19 20 21 22 23 24 25 26 27 28 29 30 31 32 33 34 35 36 37 38 39 40 41 42 43 44 45 46 47 48 49 50 51 52 53 54 55 56 57 58 59 60 61 62 63 64 65 66 67 68 69 70 71 72 73 74 75 76 77 78 79 80 81 82 83 84 85 86 87 88 89 90 91 92 93 94 95 96 97 98 99 100 101 102 103 104 105 106 107 108 109 110 111 112 113 114 115 116 117 118 119 120 121
	Has coordinates, time
  14: [unstrip]
  15: [rmsd !(:WAT,Cl*,CIO,Cs+,IB,K*,Li+,MG*,Na+,Rb+,CS,RB,NA,F,CL) mass first]
	Target mask: [!(:WAT,Cl*,CIO,Cs+,IB,K*,Li+,MG*,Na+,Rb+,CS,RB,NA,F,CL)](4713)
	Reference topology: COM.prmtop
	Reference mask: [!(:WAT,Cl*,CIO,Cs+,IB,K*,Li+,MG*,Na+,Rb+,CS,RB,NA,F,CL)](4713)
----- COM_traj_0.xtc (1-121, 1) -----

Read 121 frames and processed 121 frames.
TIME: Avg. throughput= 46.2776 frames / second.

ACTION OUTPUT:
    OUTTRAJ: '_GMXMMPBSA_complex.pdb': Wrote 1 frames.
    OUTTRAJ: '_GMXMMPBSA_dummycomplex.inpcrd': Wrote 1 frames.
    OUTTRAJ: '_GMXMMPBSA_complex.mdcrd.0': Wrote 121 frames.
    OUTTRAJ: '_GMXMMPBSA_receptor.pdb': Wrote 1 frames.
    OUTTRAJ: '_GMXMMPBSA_dummyreceptor.inpcrd': Wrote 1 frames.
    OUTTRAJ: '_GMXMMPBSA_receptor.mdcrd.0': Wrote 121 frames.
    OUTTRAJ: '_GMXMMPBSA_ligand.pdb': Wrote 1 frames.
    OUTTRAJ: '_GMXMMPBSA_dummyligand.inpcrd': Wrote 1 frames.
    OUTTRAJ: '_GMXMMPBSA_ligand.mdcrd.0': Wrote 121 frames.
TIME: Analyses took 0.0000 seconds.

DATASETS (3 total):
	RMSD_00001 "RMSD_00001" (double, rms), size is 121 (0.968 kB)
	RMSD_00002 "RMSD_00002" (double, rms), size is 121 (0.968 kB)
	RMSD_00003 "RMSD_00003" (double, rms), size is 121 (0.968 kB)
    Total data set memory usage is at least 2.904 kB

RUN TIMING:
TIME:		Init               : 0.0000 s (  0.00%)
TIME:		Trajectory Process : 2.6147 s ( 99.98%)
TIME:		Action Post        : 0.0001 s (  0.00%)
TIME:		Analysis           : 0.0000 s (  0.00%)
TIME:		Data File Write    : 0.0000 s (  0.00%)
TIME:		Other              : 0.0003 s (  0.00%)
TIME:	Run Total 2.6151 s
---------- RUN END ---------------------------------------------------
TIME: Total execution time: 2.6419 seconds.
--------------------------------------------------------------------------------
To cite CPPTRAJ use:
Daniel R. Roe and Thomas E. Cheatham, III, "PTRAJ and CPPTRAJ: Software for
  Processing and Analysis of Molecular Dynamics Trajectory Data". J. Chem.
  Theory Comput., 2013, 9 (7), pp 3084-3095.

